{"/home/erbiet/code/teste-ewally/src/app.js": {"path":"/home/erbiet/code/teste-ewally/src/app.js","statementMap":{"0":{"start":{"line":1,"column":16},"end":{"line":1,"column":34}},"1":{"start":{"line":2,"column":15},"end":{"line":2,"column":34}},"2":{"start":{"line":4,"column":12},"end":{"line":4,"column":21}},"3":{"start":{"line":6,"column":0},"end":{"line":6,"column":24}},"4":{"start":{"line":8,"column":0},"end":{"line":8,"column":16}},"5":{"start":{"line":10,"column":0},"end":{"line":10,"column":21}}},"fnMap":{},"branchMap":{},"s":{"0":1,"1":1,"2":1,"3":1,"4":1,"5":1},"f":{},"b":{},"_coverageSchema":"1a1c01bbd47fc00a2c39e90264f33305004495a9","hash":"80793fad9e82e0b993b3519fd21c6cf2b0e7fcb9"}
,"/home/erbiet/code/teste-ewally/src/routes.js": {"path":"/home/erbiet/code/teste-ewally/src/routes.js","statementMap":{"0":{"start":{"line":1,"column":19},"end":{"line":1,"column":37}},"1":{"start":{"line":3,"column":15},"end":{"line":3,"column":23}},"2":{"start":{"line":4,"column":21},"end":{"line":4,"column":58}},"3":{"start":{"line":9,"column":0},"end":{"line":25,"column":3}},"4":{"start":{"line":10,"column":24},"end":{"line":10,"column":32}},"5":{"start":{"line":12,"column":2},"end":{"line":14,"column":3}},"6":{"start":{"line":13,"column":4},"end":{"line":13,"column":31}},"7":{"start":{"line":16,"column":28},"end":{"line":16,"column":64}},"8":{"start":{"line":16,"column":47},"end":{"line":16,"column":63}},"9":{"start":{"line":18,"column":2},"end":{"line":20,"column":3}},"10":{"start":{"line":19,"column":4},"end":{"line":19,"column":31}},"11":{"start":{"line":22,"column":2},"end":{"line":22,"column":47}},"12":{"start":{"line":24,"column":2},"end":{"line":24,"column":29}},"13":{"start":{"line":27,"column":0},"end":{"line":37,"column":3}},"14":{"start":{"line":28,"column":18},"end":{"line":28,"column":28}},"15":{"start":{"line":30,"column":15},"end":{"line":30,"column":51}},"16":{"start":{"line":30,"column":34},"end":{"line":30,"column":50}},"17":{"start":{"line":32,"column":2},"end":{"line":34,"column":3}},"18":{"start":{"line":33,"column":4},"end":{"line":33,"column":31}},"19":{"start":{"line":36,"column":2},"end":{"line":36,"column":54}},"20":{"start":{"line":39,"column":0},"end":{"line":42,"column":3}},"21":{"start":{"line":40,"column":2},"end":{"line":40,"column":13}},"22":{"start":{"line":41,"column":2},"end":{"line":41,"column":22}},"23":{"start":{"line":44,"column":0},"end":{"line":80,"column":3}},"24":{"start":{"line":45,"column":25},"end":{"line":45,"column":33}},"25":{"start":{"line":47,"column":25},"end":{"line":47,"column":62}},"26":{"start":{"line":47,"column":44},"end":{"line":47,"column":61}},"27":{"start":{"line":48,"column":25},"end":{"line":48,"column":62}},"28":{"start":{"line":48,"column":44},"end":{"line":48,"column":61}},"29":{"start":{"line":50,"column":2},"end":{"line":52,"column":3}},"30":{"start":{"line":51,"column":4},"end":{"line":51,"column":31}},"31":{"start":{"line":54,"column":36},"end":{"line":54,"column":108}},"32":{"start":{"line":54,"column":86},"end":{"line":54,"column":107}},"33":{"start":{"line":57,"column":2},"end":{"line":59,"column":3}},"34":{"start":{"line":58,"column":4},"end":{"line":58,"column":73}},"35":{"start":{"line":61,"column":2},"end":{"line":77,"column":4}},"36":{"start":{"line":62,"column":4},"end":{"line":67,"column":5}},"37":{"start":{"line":63,"column":6},"end":{"line":66,"column":7}},"38":{"start":{"line":69,"column":4},"end":{"line":74,"column":5}},"39":{"start":{"line":70,"column":6},"end":{"line":73,"column":7}},"40":{"start":{"line":76,"column":4},"end":{"line":76,"column":16}},"41":{"start":{"line":79,"column":2},"end":{"line":79,"column":29}},"42":{"start":{"line":82,"column":0},"end":{"line":118,"column":3}},"43":{"start":{"line":83,"column":18},"end":{"line":83,"column":28}},"44":{"start":{"line":85,"column":2},"end":{"line":87,"column":3}},"45":{"start":{"line":86,"column":4},"end":{"line":86,"column":24}},"46":{"start":{"line":89,"column":21},"end":{"line":89,"column":57}},"47":{"start":{"line":89,"column":40},"end":{"line":89,"column":56}},"48":{"start":{"line":91,"column":2},"end":{"line":93,"column":3}},"49":{"start":{"line":92,"column":4},"end":{"line":92,"column":31}},"50":{"start":{"line":95,"column":29},"end":{"line":95,"column":31}},"51":{"start":{"line":97,"column":2},"end":{"line":101,"column":3}},"52":{"start":{"line":97,"column":14},"end":{"line":97,"column":15}},"53":{"start":{"line":98,"column":17},"end":{"line":98,"column":77}},"54":{"start":{"line":98,"column":36},"end":{"line":98,"column":76}},"55":{"start":{"line":100,"column":4},"end":{"line":100,"column":53}},"56":{"start":{"line":103,"column":31},"end":{"line":103,"column":84}},"57":{"start":{"line":103,"column":69},"end":{"line":103,"column":83}},"58":{"start":{"line":105,"column":14},"end":{"line":105,"column":23}},"59":{"start":{"line":107,"column":2},"end":{"line":109,"column":5}},"60":{"start":{"line":108,"column":4},"end":{"line":108,"column":74}},"61":{"start":{"line":108,"column":53},"end":{"line":108,"column":65}},"62":{"start":{"line":111,"column":18},"end":{"line":113,"column":5}},"63":{"start":{"line":112,"column":4},"end":{"line":112,"column":22}},"64":{"start":{"line":115,"column":20},"end":{"line":115,"column":39}},"65":{"start":{"line":117,"column":2},"end":{"line":117,"column":29}},"66":{"start":{"line":120,"column":0},"end":{"line":120,"column":24}}},"fnMap":{"0":{"name":"(anonymous_0)","decl":{"start":{"line":9,"column":23},"end":{"line":9,"column":24}},"loc":{"start":{"line":9,"column":37},"end":{"line":25,"column":1}},"line":9},"1":{"name":"(anonymous_1)","decl":{"start":{"line":16,"column":39},"end":{"line":16,"column":40}},"loc":{"start":{"line":16,"column":47},"end":{"line":16,"column":63}},"line":16},"2":{"name":"(anonymous_2)","decl":{"start":{"line":27,"column":27},"end":{"line":27,"column":28}},"loc":{"start":{"line":27,"column":41},"end":{"line":37,"column":1}},"line":27},"3":{"name":"(anonymous_3)","decl":{"start":{"line":30,"column":26},"end":{"line":30,"column":27}},"loc":{"start":{"line":30,"column":34},"end":{"line":30,"column":50}},"line":30},"4":{"name":"(anonymous_4)","decl":{"start":{"line":39,"column":24},"end":{"line":39,"column":25}},"loc":{"start":{"line":39,"column":38},"end":{"line":42,"column":1}},"line":39},"5":{"name":"(anonymous_5)","decl":{"start":{"line":44,"column":29},"end":{"line":44,"column":30}},"loc":{"start":{"line":44,"column":43},"end":{"line":80,"column":1}},"line":44},"6":{"name":"(anonymous_6)","decl":{"start":{"line":47,"column":36},"end":{"line":47,"column":37}},"loc":{"start":{"line":47,"column":44},"end":{"line":47,"column":61}},"line":47},"7":{"name":"(anonymous_7)","decl":{"start":{"line":48,"column":36},"end":{"line":48,"column":37}},"loc":{"start":{"line":48,"column":44},"end":{"line":48,"column":61}},"line":48},"8":{"name":"(anonymous_8)","decl":{"start":{"line":54,"column":70},"end":{"line":54,"column":71}},"loc":{"start":{"line":54,"column":86},"end":{"line":54,"column":107}},"line":54},"9":{"name":"(anonymous_9)","decl":{"start":{"line":61,"column":20},"end":{"line":61,"column":21}},"loc":{"start":{"line":61,"column":28},"end":{"line":77,"column":3}},"line":61},"10":{"name":"(anonymous_10)","decl":{"start":{"line":82,"column":36},"end":{"line":82,"column":37}},"loc":{"start":{"line":82,"column":50},"end":{"line":118,"column":1}},"line":82},"11":{"name":"(anonymous_11)","decl":{"start":{"line":89,"column":32},"end":{"line":89,"column":33}},"loc":{"start":{"line":89,"column":40},"end":{"line":89,"column":56}},"line":89},"12":{"name":"(anonymous_12)","decl":{"start":{"line":98,"column":28},"end":{"line":98,"column":29}},"loc":{"start":{"line":98,"column":36},"end":{"line":98,"column":76}},"line":98},"13":{"name":"(anonymous_13)","decl":{"start":{"line":103,"column":59},"end":{"line":103,"column":60}},"loc":{"start":{"line":103,"column":69},"end":{"line":103,"column":83}},"line":103},"14":{"name":"(anonymous_14)","decl":{"start":{"line":107,"column":31},"end":{"line":107,"column":32}},"loc":{"start":{"line":107,"column":41},"end":{"line":109,"column":3}},"line":107},"15":{"name":"(anonymous_15)","decl":{"start":{"line":108,"column":48},"end":{"line":108,"column":49}},"loc":{"start":{"line":108,"column":53},"end":{"line":108,"column":65}},"line":108},"16":{"name":"(anonymous_16)","decl":{"start":{"line":111,"column":50},"end":{"line":111,"column":51}},"loc":{"start":{"line":111,"column":60},"end":{"line":113,"column":3}},"line":111}},"branchMap":{"0":{"loc":{"start":{"line":12,"column":2},"end":{"line":14,"column":3}},"type":"if","locations":[{"start":{"line":12,"column":2},"end":{"line":14,"column":3}},{"start":{},"end":{}}],"line":12},"1":{"loc":{"start":{"line":18,"column":2},"end":{"line":20,"column":3}},"type":"if","locations":[{"start":{"line":18,"column":2},"end":{"line":20,"column":3}},{"start":{},"end":{}}],"line":18},"2":{"loc":{"start":{"line":32,"column":2},"end":{"line":34,"column":3}},"type":"if","locations":[{"start":{"line":32,"column":2},"end":{"line":34,"column":3}},{"start":{},"end":{}}],"line":32},"3":{"loc":{"start":{"line":50,"column":2},"end":{"line":52,"column":3}},"type":"if","locations":[{"start":{"line":50,"column":2},"end":{"line":52,"column":3}},{"start":{},"end":{}}],"line":50},"4":{"loc":{"start":{"line":50,"column":5},"end":{"line":50,"column":39}},"type":"binary-expr","locations":[{"start":{"line":50,"column":5},"end":{"line":50,"column":20}},{"start":{"line":50,"column":24},"end":{"line":50,"column":39}}],"line":50},"5":{"loc":{"start":{"line":57,"column":2},"end":{"line":59,"column":3}},"type":"if","locations":[{"start":{"line":57,"column":2},"end":{"line":59,"column":3}},{"start":{},"end":{}}],"line":57},"6":{"loc":{"start":{"line":62,"column":4},"end":{"line":67,"column":5}},"type":"if","locations":[{"start":{"line":62,"column":4},"end":{"line":67,"column":5}},{"start":{},"end":{}}],"line":62},"7":{"loc":{"start":{"line":69,"column":4},"end":{"line":74,"column":5}},"type":"if","locations":[{"start":{"line":69,"column":4},"end":{"line":74,"column":5}},{"start":{},"end":{}}],"line":69},"8":{"loc":{"start":{"line":85,"column":2},"end":{"line":87,"column":3}},"type":"if","locations":[{"start":{"line":85,"column":2},"end":{"line":87,"column":3}},{"start":{},"end":{}}],"line":85},"9":{"loc":{"start":{"line":91,"column":2},"end":{"line":93,"column":3}},"type":"if","locations":[{"start":{"line":91,"column":2},"end":{"line":93,"column":3}},{"start":{},"end":{}}],"line":91}},"s":{"0":1,"1":1,"2":1,"3":1,"4":17,"5":17,"6":1,"7":16,"8":96,"9":16,"10":13,"11":3,"12":3,"13":1,"14":2,"15":2,"16":13,"17":2,"18":1,"19":1,"20":1,"21":1,"22":1,"23":1,"24":3,"25":3,"26":20,"27":3,"28":24,"29":3,"30":1,"31":2,"32":1,"33":2,"34":1,"35":1,"36":8,"37":1,"38":7,"39":1,"40":6,"41":1,"42":1,"43":2,"44":2,"45":1,"46":2,"47":9,"48":2,"49":1,"50":1,"51":1,"52":1,"53":2,"54":5,"55":2,"56":1,"57":5,"58":1,"59":1,"60":3,"61":9,"62":1,"63":1,"64":1,"65":1,"66":1},"f":{"0":17,"1":96,"2":2,"3":13,"4":1,"5":3,"6":20,"7":24,"8":1,"9":8,"10":2,"11":9,"12":5,"13":5,"14":3,"15":9,"16":1},"b":{"0":[1,16],"1":[13,3],"2":[1,1],"3":[1,2],"4":[3,2],"5":[1,1],"6":[1,7],"7":[1,6],"8":[1,1],"9":[1,1]},"_coverageSchema":"1a1c01bbd47fc00a2c39e90264f33305004495a9","hash":"35aca58a0c95280e9d059887cc845519e03d0505"}
,"/home/erbiet/code/teste-ewally/src/__tests__/mock/user_data.js": {"path":"/home/erbiet/code/teste-ewally/src/__tests__/mock/user_data.js","statementMap":{"0":{"start":{"line":1,"column":12},"end":{"line":27,"column":1}},"1":{"start":{"line":29,"column":0},"end":{"line":29,"column":23}}},"fnMap":{},"branchMap":{},"s":{"0":1,"1":1},"f":{},"b":{},"_coverageSchema":"1a1c01bbd47fc00a2c39e90264f33305004495a9","hash":"2df3bf592703d93f48c4ba6c711ae0ebe1056497"}
}
