TN:
SF:src/app.js
FNF:0
FNH:0
DA:1,1
DA:2,1
DA:4,1
DA:6,1
DA:8,1
DA:10,1
LF:6
LH:6
BRF:0
BRH:0
end_of_record
TN:
SF:src/routes.js
FN:9,(anonymous_0)
FN:16,(anonymous_1)
FN:27,(anonymous_2)
FN:30,(anonymous_3)
FN:39,(anonymous_4)
FN:44,(anonymous_5)
FN:47,(anonymous_6)
FN:48,(anonymous_7)
FN:54,(anonymous_8)
FN:61,(anonymous_9)
FN:82,(anonymous_10)
FN:89,(anonymous_11)
FN:98,(anonymous_12)
FN:103,(anonymous_13)
FN:107,(anonymous_14)
FN:108,(anonymous_15)
FN:111,(anonymous_16)
FNF:17
FNH:17
FNDA:17,(anonymous_0)
FNDA:96,(anonymous_1)
FNDA:2,(anonymous_2)
FNDA:13,(anonymous_3)
FNDA:1,(anonymous_4)
FNDA:3,(anonymous_5)
FNDA:20,(anonymous_6)
FNDA:24,(anonymous_7)
FNDA:1,(anonymous_8)
FNDA:8,(anonymous_9)
FNDA:2,(anonymous_10)
FNDA:9,(anonymous_11)
FNDA:5,(anonymous_12)
FNDA:5,(anonymous_13)
FNDA:3,(anonymous_14)
FNDA:9,(anonymous_15)
FNDA:1,(anonymous_16)
DA:1,1
DA:3,1
DA:4,1
DA:9,1
DA:10,17
DA:12,17
DA:13,1
DA:16,96
DA:18,16
DA:19,13
DA:22,3
DA:24,3
DA:27,1
DA:28,2
DA:30,13
DA:32,2
DA:33,1
DA:36,1
DA:39,1
DA:40,1
DA:41,1
DA:44,1
DA:45,3
DA:47,20
DA:48,24
DA:50,3
DA:51,1
DA:54,2
DA:57,2
DA:58,1
DA:61,1
DA:62,8
DA:63,1
DA:69,7
DA:70,1
DA:76,6
DA:79,1
DA:82,1
DA:83,2
DA:85,2
DA:86,1
DA:89,9
DA:91,2
DA:92,1
DA:95,1
DA:97,1
DA:98,5
DA:100,2
DA:103,5
DA:105,1
DA:107,1
DA:108,9
DA:111,1
DA:112,1
DA:115,1
DA:117,1
DA:120,1
LF:57
LH:57
BRDA:12,0,0,1
BRDA:12,0,1,16
BRDA:18,1,0,13
BRDA:18,1,1,3
BRDA:32,2,0,1
BRDA:32,2,1,1
BRDA:50,3,0,1
BRDA:50,3,1,2
BRDA:50,4,0,3
BRDA:50,4,1,2
BRDA:57,5,0,1
BRDA:57,5,1,1
BRDA:62,6,0,1
BRDA:62,6,1,7
BRDA:69,7,0,1
BRDA:69,7,1,6
BRDA:85,8,0,1
BRDA:85,8,1,1
BRDA:91,9,0,1
BRDA:91,9,1,1
BRF:20
BRH:20
end_of_record
TN:
SF:src/__tests__/mock/user_data.js
FNF:0
FNH:0
DA:1,1
DA:29,1
LF:2
LH:2
BRF:0
BRH:0
end_of_record
